0
Checked the weather:  at Sun 14 Jul 01:00:14 MDT 2019
Checked the weather:  at Sun 14 Jul 02:00:10 MDT 2019
Checked the weather:  at Sun 14 Jul 03:00:10 MDT 2019
Checked the weather:  at Sun 14 Jul 04:00:15 MDT 2019
Checked the weather:  at Sun 14 Jul 05:00:10 MDT 2019
Checked the weather:  at Sun 14 Jul 06:00:10 MDT 2019
Checked the weather:  at Sun 14 Jul 07:00:11 MDT 2019
Checked the weather:  at Sun 14 Jul 08:00:15 MDT 2019
Checked the weather:  at Sun 14 Jul 09:00:10 MDT 2019
Checked the weather:  at Sun 14 Jul 10:00:10 MDT 2019
Checked the weather:  at Sun 14 Jul 11:00:10 MDT 2019
Checked the weather:  at Sun 14 Jul 12:00:16 MDT 2019
Checked the weather:  at Sun 14 Jul 13:00:10 MDT 2019
Checked the weather:  at Sun 14 Jul 14:00:10 MDT 2019
Checked the weather:  at Sun 14 Jul 15:00:11 MDT 2019
Checked the weather:  at Sun 14 Jul 16:00:15 MDT 2019
Checked the weather:  at Sun 14 Jul 17:00:10 MDT 2019
Checked the weather:  at Sun 14 Jul 18:00:10 MDT 2019
Checked the weather:  at Sun 14 Jul 19:00:10 MDT 2019
Checked the weather:  at Sun 14 Jul 20:00:15 MDT 2019
Checked the weather:  at Sun 14 Jul 21:00:10 MDT 2019
Checked the weather:  at Sun 14 Jul 22:00:11 MDT 2019
Checked the weather:  at Sun 14 Jul 23:00:11 MDT 2019
Checked the weather:  at Mon 15 Jul 00:00:10 MDT 2019
Checked the weather:  at Mon 15 Jul 01:00:10 MDT 2019
Checked the weather:  at Mon 15 Jul 02:00:10 MDT 2019
Checked the weather:  at Mon 15 Jul 03:00:10 MDT 2019
Checked the weather:  at Mon 15 Jul 04:00:14 MDT 2019
Checked the weather:  at Mon 15 Jul 05:00:10 MDT 2019
Checked the weather:  at Mon 15 Jul 06:00:10 MDT 2019
Checked the weather:  at Mon 15 Jul 07:00:09 MDT 2019
Checked the weather:  at Mon 15 Jul 08:00:11 MDT 2019
Checked the weather:  at Mon 15 Jul 09:00:10 MDT 2019
Checked the weather:  at Mon 15 Jul 10:00:10 MDT 2019
Checked the weather:  at Mon 15 Jul 11:00:10 MDT 2019
Checked the weather:  at Mon 15 Jul 12:00:10 MDT 2019
Checked the weather:  at Mon 15 Jul 13:00:10 MDT 2019
Checked the weather:  at Mon 15 Jul 14:00:10 MDT 2019
Checked the weather:  at Mon 15 Jul 15:00:10 MDT 2019
Checked the weather:  at Mon 15 Jul 16:00:11 MDT 2019
Checked the weather:  at Mon 15 Jul 17:00:10 MDT 2019
Checked the weather:  at Mon 15 Jul 18:00:10 MDT 2019
Checked the weather:  at Mon 15 Jul 19:00:10 MDT 2019
Checked the weather:  at Mon 15 Jul 20:00:11 MDT 2019
Checked the weather:  at Mon 15 Jul 21:00:10 MDT 2019
Checked the weather:  at Mon 15 Jul 22:00:10 MDT 2019
Checked the weather:  at Mon 15 Jul 23:00:10 MDT 2019
Checked the weather:  at Tue 16 Jul 00:00:10 MDT 2019
Checked the weather:  at Tue 16 Jul 01:00:15 MDT 2019
Checked the weather:  at Tue 16 Jul 02:00:11 MDT 2019
Checked the weather:  at Tue 16 Jul 03:00:11 MDT 2019
Checked the weather:  at Tue 16 Jul 04:00:10 MDT 2019
Checked the weather:  at Tue 16 Jul 05:00:11 MDT 2019
Checked the weather:  at Tue 16 Jul 06:00:11 MDT 2019
Checked the weather:  at Tue 16 Jul 07:00:10 MDT 2019
Checked the weather:  at Tue 16 Jul 08:00:10 MDT 2019
Checked the weather:  at Tue 16 Jul 09:00:11 MDT 2019
Checked the weather:  at Tue 16 Jul 10:00:10 MDT 2019
Checked the weather:  at Tue 16 Jul 11:00:10 MDT 2019
Checked the weather:  at Tue 16 Jul 12:00:11 MDT 2019
Checked the weather:  at Tue 16 Jul 13:00:11 MDT 2019
Checked the weather:  at Tue 16 Jul 14:00:10 MDT 2019
Checked the weather:  at Tue 16 Jul 15:00:10 MDT 2019
Checked the weather:  at Tue 16 Jul 16:00:15 MDT 2019
Checked the weather:  at Tue 16 Jul 17:00:10 MDT 2019
Checked the weather:  at Tue 16 Jul 18:00:10 MDT 2019
Checked the weather:  at Tue 16 Jul 19:00:10 MDT 2019
Checked the weather:  at Tue 16 Jul 20:00:15 MDT 2019
Checked the weather:  at Tue 16 Jul 21:00:10 MDT 2019
Checked the weather:  at Tue 16 Jul 22:00:10 MDT 2019
Checked the weather:  at Tue 16 Jul 23:00:10 MDT 2019
Checked the weather:  at Wed 17 Jul 00:00:15 MDT 2019
Checked the weather:  at Wed 17 Jul 01:00:10 MDT 2019
Checked the weather:  at Wed 17 Jul 02:00:10 MDT 2019
Checked the weather:  at Wed 17 Jul 03:00:10 MDT 2019
Checked the weather:  at Wed 17 Jul 04:00:15 MDT 2019
Checked the weather:  at Wed 17 Jul 05:00:10 MDT 2019
Checked the weather:  at Wed 17 Jul 06:00:10 MDT 2019
Checked the weather:  at Wed 17 Jul 07:00:10 MDT 2019
Checked the weather:  at Wed 17 Jul 08:00:10 MDT 2019
Checked the weather:  at Wed 17 Jul 09:00:10 MDT 2019
Checked the weather:  at Wed 17 Jul 10:00:11 MDT 2019
Checked the weather:  at Wed 17 Jul 11:00:11 MDT 2019
Checked the weather:  at Wed 17 Jul 12:00:11 MDT 2019
Checked the weather:  at Wed 17 Jul 13:00:10 MDT 2019
Checked the weather:  at Wed 17 Jul 14:00:10 MDT 2019
Checked the weather:  at Wed 17 Jul 15:00:11 MDT 2019
Checked the weather:  at Wed 17 Jul 16:00:10 MDT 2019
Checked the weather:  at Wed 17 Jul 17:00:10 MDT 2019
Checked the weather:  at Wed 17 Jul 18:00:11 MDT 2019
Checked the weather:  at Wed 17 Jul 19:00:10 MDT 2019
Checked the weather:  at Wed 17 Jul 20:00:10 MDT 2019
Checked the weather:  at Wed 17 Jul 21:00:10 MDT 2019
Checked the weather:  at Wed 17 Jul 22:00:10 MDT 2019
Checked the weather:  at Wed 17 Jul 23:00:10 MDT 2019
Checked the weather:  at Thu 18 Jul 00:00:10 MDT 2019
Checked the weather:  at Thu 18 Jul 01:00:10 MDT 2019
Checked the weather:  at Thu 18 Jul 02:00:10 MDT 2019
Checked the weather:  at Thu 18 Jul 03:00:10 MDT 2019
Checked the weather:  at Thu 18 Jul 04:00:10 MDT 2019
Checked the weather:  at Thu 18 Jul 05:00:10 MDT 2019
Checked the weather:  at Thu 18 Jul 06:00:11 MDT 2019
Checked the weather:  at Thu 18 Jul 07:00:10 MDT 2019
Checked the weather:  at Thu 18 Jul 08:00:11 MDT 2019
Checked the weather:  at Thu 18 Jul 09:00:11 MDT 2019
Checked the weather:  at Thu 18 Jul 10:00:11 MDT 2019
Checked the weather:  at Thu 18 Jul 11:00:10 MDT 2019
Checked the weather:  at Thu 18 Jul 12:00:10 MDT 2019
Checked the weather:  at Thu 18 Jul 13:00:10 MDT 2019
Checked the weather:  at Thu 18 Jul 14:00:10 MDT 2019
Checked the weather:  at Thu 18 Jul 15:00:10 MDT 2019
Checked the weather:  at Thu 18 Jul 16:00:11 MDT 2019
Checked the weather:  at Thu 18 Jul 17:00:10 MDT 2019
Checked the weather:  at Thu 18 Jul 18:00:10 MDT 2019
Checked the weather:  at Thu 18 Jul 19:00:10 MDT 2019
Checked the weather:  at Thu 18 Jul 20:00:11 MDT 2019
Checked the weather:  at Thu 18 Jul 21:00:11 MDT 2019
Checked the weather:  at Thu 18 Jul 22:00:14 MDT 2019
Checked the weather:  at Thu 18 Jul 23:00:10 MDT 2019
Checked the weather:  at Fri 19 Jul 00:00:11 MDT 2019
Checked the weather:  at Fri 19 Jul 01:00:10 MDT 2019
Checked the weather:  at Fri 19 Jul 02:00:10 MDT 2019
Checked the weather:  at Fri 19 Jul 03:00:10 MDT 2019
Checked the weather:  at Fri 19 Jul 04:00:10 MDT 2019
Checked the weather:  at Fri 19 Jul 05:00:11 MDT 2019
Checked the weather:  at Fri 19 Jul 06:00:10 MDT 2019
Checked the weather:  at Fri 19 Jul 07:00:10 MDT 2019
Checked the weather:  at Fri 19 Jul 08:00:10 MDT 2019
Checked the weather:  at Fri 19 Jul 09:00:10 MDT 2019
Checked the weather:  at Fri 19 Jul 10:00:11 MDT 2019
Checked the weather:  at Fri 19 Jul 11:00:10 MDT 2019
Checked the weather:  at Fri 19 Jul 12:00:10 MDT 2019
Checked the weather:  at Fri 19 Jul 13:00:10 MDT 2019
Checked the weather:  at Fri 19 Jul 14:00:10 MDT 2019
Checked the weather:  at Fri 19 Jul 15:02:22 MDT 2019
Checked the weather:  at Fri 19 Jul 16:00:10 MDT 2019
Checked the weather:  at Fri 19 Jul 17:00:10 MDT 2019
